0 info it worked if it ends with ok
1 verbose cli [ '/usr/local/Cellar/node/0.10.18/bin/node',
1 verbose cli   '/usr/local/bin/npm',
1 verbose cli   'install',
1 verbose cli   '-g',
1 verbose cli   'webdriver-manager' ]
2 info using npm@1.3.8
3 info using node@v0.10.18
4 verbose cache add [ 'webdriver-manager', null ]
5 verbose cache add name=undefined spec="webdriver-manager" args=["webdriver-manager",null]
6 verbose parsed url { protocol: null,
6 verbose parsed url   slashes: null,
6 verbose parsed url   auth: null,
6 verbose parsed url   host: null,
6 verbose parsed url   port: null,
6 verbose parsed url   hostname: null,
6 verbose parsed url   hash: null,
6 verbose parsed url   search: null,
6 verbose parsed url   query: null,
6 verbose parsed url   pathname: 'webdriver-manager',
6 verbose parsed url   path: 'webdriver-manager',
6 verbose parsed url   href: 'webdriver-manager' }
7 silly lockFile 56806f4b-webdriver-manager webdriver-manager
8 verbose lock webdriver-manager /Users/alfrednutile/.npm/56806f4b-webdriver-manager.lock
9 silly lockFile 56806f4b-webdriver-manager webdriver-manager
10 silly lockFile 56806f4b-webdriver-manager webdriver-manager
11 verbose addNamed [ 'webdriver-manager', '' ]
12 verbose addNamed [ null, '*' ]
13 silly lockFile 3ee93e3a-webdriver-manager webdriver-manager@
14 verbose lock webdriver-manager@ /Users/alfrednutile/.npm/3ee93e3a-webdriver-manager.lock
15 silly addNameRange { name: 'webdriver-manager', range: '*', hasData: false }
16 verbose url raw webdriver-manager
17 verbose url resolving [ 'https://registry.npmjs.org/', './webdriver-manager' ]
18 verbose url resolved https://registry.npmjs.org/webdriver-manager
19 info trying registry request attempt 1 at 19:05:10
20 http GET https://registry.npmjs.org/webdriver-manager
21 http 404 https://registry.npmjs.org/webdriver-manager
22 silly registry.get cb [ 404,
22 silly registry.get   { date: 'Wed, 12 Mar 2014 23:05:13 GMT',
22 silly registry.get     server: 'CouchDB/1.5.0 (Erlang OTP/R14B04)',
22 silly registry.get     'content-type': 'application/json',
22 silly registry.get     via: '1.1 varnish',
22 silly registry.get     'cache-control': 'max-age=0',
22 silly registry.get     'content-length': '52',
22 silly registry.get     'accept-ranges': 'bytes',
22 silly registry.get     age: '0',
22 silly registry.get     'x-served-by': 'cache-v44-ASH, cache-c99-CHI',
22 silly registry.get     'x-cache': 'MISS, MISS',
22 silly registry.get     'x-cache-hits': '0, 0',
22 silly registry.get     'x-timer': 'S1394665513.791138649,VS0,VS-16,VE97,VE132',
22 silly registry.get     'keep-alive': 'timeout=10, max=50',
22 silly registry.get     connection: 'Keep-Alive' } ]
23 silly lockFile 3ee93e3a-webdriver-manager webdriver-manager@
24 silly lockFile 3ee93e3a-webdriver-manager webdriver-manager@
25 error 404 'webdriver-manager' is not in the npm registry.
25 error 404 You should bug the author to publish it
25 error 404
25 error 404 Note that you can also install from a
25 error 404 tarball, folder, or http url, or git url.
26 error System Darwin 13.0.2
27 error command "/usr/local/Cellar/node/0.10.18/bin/node" "/usr/local/bin/npm" "install" "-g" "webdriver-manager"
28 error cwd /Users/alfrednutile/Angular/behat_frontend_angular
29 error node -v v0.10.18
30 error npm -v 1.3.8
31 error code E404
32 verbose exit [ 1, true ]
